[ 2016-01-14T00:17:10+08:00 ] 192.168.1.106 /index.php/Brand/changeStatus/id/2/status/1.html
INFO: [ app_init ] --START--
INFO: Run Behavior\BuildLiteBehavior [ RunTime:0.000017s ]
INFO: [ app_init ] --END-- [ RunTime:0.000336s ]
INFO: [ app_begin ] --START--
INFO: Run Behavior\ReadHtmlCacheBehavior [ RunTime:0.000427s ]
INFO: [ app_begin ] --END-- [ RunTime:0.000476s ]
SQL: SHOW COLUMNS FROM `brand` [ RunTime:0.0005s ]
SQL: UPDATE `brand` SET `status`='1' WHERE `id` IN ('2') [ RunTime:0.0002s ]

[ 2016-01-14T00:17:12+08:00 ] 192.168.1.106 /index.php/Brand/index.html
INFO: [ app_init ] --START--
INFO: Run Behavior\BuildLiteBehavior [ RunTime:0.000018s ]
INFO: [ app_init ] --END-- [ RunTime:0.000328s ]
INFO: [ app_begin ] --START--
INFO: Run Behavior\ReadHtmlCacheBehavior [ RunTime:0.000459s ]
INFO: [ app_begin ] --END-- [ RunTime:0.000519s ]
SQL: SHOW COLUMNS FROM `brand` [ RunTime:0.0006s ]
NOTIC: [8] Undefined variable: wheres /home/www/shop/admin.shop.com/Application/Admin/Controller/BaseController.class.php 第 22 行.
SQL: SELECT COUNT(*) AS tp_count FROM `brand` WHERE `status` > -1 LIMIT 1   [ RunTime:0.0002s ]
SQL: SELECT * FROM `brand` WHERE `status` > -1 LIMIT 0,5   [ RunTime:0.0002s ]
INFO: [ view_parse ] --START--
INFO: [ template_filter ] --START--
INFO: Run Behavior\ContentReplaceBehavior [ RunTime:0.000111s ]
INFO: [ template_filter ] --END-- [ RunTime:0.000265s ]
NOTIC: [8] Undefined index: keyword /home/www/shop/admin.shop.com/Runtime/Cache/Admin/e8b323c5d8440767130c19fdf505bb52.php 第 23 行.
INFO: Run Behavior\ParseTemplateBehavior [ RunTime:0.010730s ]
INFO: [ view_parse ] --END-- [ RunTime:0.010787s ]
INFO: [ view_filter ] --START--
INFO: Run Behavior\WriteHtmlCacheBehavior [ RunTime:0.000154s ]
INFO: [ view_filter ] --END-- [ RunTime:0.000246s ]
INFO: [ app_end ] --START--
INFO: Run Behavior\ShowPageTraceBehavior [ RunTime:0.000467s ]
INFO: [ app_end ] --END-- [ RunTime:0.000517s ]

[ 2016-01-14T00:18:47+08:00 ] 192.168.1.106 /index.php/Brand/index/p/2.html
INFO: [ app_init ] --START--
INFO: Run Behavior\BuildLiteBehavior [ RunTime:0.000017s ]
INFO: [ app_init ] --END-- [ RunTime:0.000384s ]
INFO: [ app_begin ] --START--
INFO: Run Behavior\ReadHtmlCacheBehavior [ RunTime:0.000473s ]
INFO: [ app_begin ] --END-- [ RunTime:0.000528s ]
SQL: SHOW COLUMNS FROM `brand` [ RunTime:0.0005s ]
NOTIC: [8] Undefined variable: wheres /home/www/shop/admin.shop.com/Application/Admin/Controller/BaseController.class.php 第 22 行.
SQL: SELECT COUNT(*) AS tp_count FROM `brand` WHERE `status` > -1 LIMIT 1   [ RunTime:0.0003s ]
SQL: SELECT * FROM `brand` WHERE `status` > -1 LIMIT 5,5   [ RunTime:0.0003s ]
INFO: [ view_parse ] --START--
INFO: [ template_filter ] --START--
INFO: Run Behavior\ContentReplaceBehavior [ RunTime:0.000145s ]
INFO: [ template_filter ] --END-- [ RunTime:0.000220s ]
NOTIC: [8] Undefined index: keyword /home/www/shop/admin.shop.com/Runtime/Cache/Admin/e8b323c5d8440767130c19fdf505bb52.php 第 23 行.
INFO: Run Behavior\ParseTemplateBehavior [ RunTime:0.010842s ]
INFO: [ view_parse ] --END-- [ RunTime:0.010903s ]
INFO: [ view_filter ] --START--
INFO: Run Behavior\WriteHtmlCacheBehavior [ RunTime:0.000151s ]
INFO: [ view_filter ] --END-- [ RunTime:0.000199s ]
INFO: [ app_end ] --START--
INFO: Run Behavior\ShowPageTraceBehavior [ RunTime:0.000470s ]
INFO: [ app_end ] --END-- [ RunTime:0.000521s ]

[ 2016-01-14T00:18:50+08:00 ] 192.168.1.106 /index.php/Brand/changeStatus/id/8/status/0.html
INFO: [ app_init ] --START--
INFO: Run Behavior\BuildLiteBehavior [ RunTime:0.000016s ]
INFO: [ app_init ] --END-- [ RunTime:0.000349s ]
INFO: [ app_begin ] --START--
INFO: Run Behavior\ReadHtmlCacheBehavior [ RunTime:0.000438s ]
INFO: [ app_begin ] --END-- [ RunTime:0.000488s ]
SQL: SHOW COLUMNS FROM `brand` [ RunTime:0.0005s ]
SQL: UPDATE `brand` SET `status`='0' WHERE `id` IN ('8') [ RunTime:0.0003s ]

[ 2016-01-14T00:18:51+08:00 ] 192.168.1.106 /index.php/Brand/index/p/2.html
INFO: [ app_init ] --START--
INFO: Run Behavior\BuildLiteBehavior [ RunTime:0.000019s ]
INFO: [ app_init ] --END-- [ RunTime:0.000379s ]
INFO: [ app_begin ] --START--
INFO: Run Behavior\ReadHtmlCacheBehavior [ RunTime:0.000428s ]
INFO: [ app_begin ] --END-- [ RunTime:0.000485s ]
SQL: SHOW COLUMNS FROM `brand` [ RunTime:0.0006s ]
NOTIC: [8] Undefined variable: wheres /home/www/shop/admin.shop.com/Application/Admin/Controller/BaseController.class.php 第 22 行.
SQL: SELECT COUNT(*) AS tp_count FROM `brand` WHERE `status` > -1 LIMIT 1   [ RunTime:0.0004s ]
SQL: SELECT * FROM `brand` WHERE `status` > -1 LIMIT 5,5   [ RunTime:0.0002s ]
INFO: [ view_parse ] --START--
INFO: [ template_filter ] --START--
INFO: Run Behavior\ContentReplaceBehavior [ RunTime:0.000110s ]
INFO: [ template_filter ] --END-- [ RunTime:0.000176s ]
NOTIC: [8] Undefined index: keyword /home/www/shop/admin.shop.com/Runtime/Cache/Admin/e8b323c5d8440767130c19fdf505bb52.php 第 23 行.
INFO: Run Behavior\ParseTemplateBehavior [ RunTime:0.010655s ]
INFO: [ view_parse ] --END-- [ RunTime:0.010713s ]
INFO: [ view_filter ] --START--
INFO: Run Behavior\WriteHtmlCacheBehavior [ RunTime:0.000157s ]
INFO: [ view_filter ] --END-- [ RunTime:0.000286s ]
INFO: [ app_end ] --START--
INFO: Run Behavior\ShowPageTraceBehavior [ RunTime:0.000458s ]
INFO: [ app_end ] --END-- [ RunTime:0.000510s ]

[ 2016-01-14T00:18:52+08:00 ] 192.168.1.106 /index.php/Brand/add.html
INFO: [ app_init ] --START--
INFO: Run Behavior\BuildLiteBehavior [ RunTime:0.000019s ]
INFO: [ app_init ] --END-- [ RunTime:0.000322s ]
INFO: [ app_begin ] --START--
INFO: Run Behavior\ReadHtmlCacheBehavior [ RunTime:0.000403s ]
INFO: [ app_begin ] --END-- [ RunTime:0.000495s ]
SQL: SHOW COLUMNS FROM `brand` [ RunTime:0.0008s ]
INFO: [ view_parse ] --START--
INFO: [ template_filter ] --START--
INFO: Run Behavior\ContentReplaceBehavior [ RunTime:0.000097s ]
INFO: [ template_filter ] --END-- [ RunTime:0.000172s ]
NOTIC: [8] Undefined variable: name /home/www/shop/admin.shop.com/Runtime/Cache/Admin/fda147d8658050636c6cc78d34bd3046.php 第 27 行.
NOTIC: [8] Undefined variable: url /home/www/shop/admin.shop.com/Runtime/Cache/Admin/fda147d8658050636c6cc78d34bd3046.php 第 33 行.
NOTIC: [8] Undefined variable: sort /home/www/shop/admin.shop.com/Runtime/Cache/Admin/fda147d8658050636c6cc78d34bd3046.php 第 45 行.
NOTIC: [8] Undefined variable: intro /home/www/shop/admin.shop.com/Runtime/Cache/Admin/fda147d8658050636c6cc78d34bd3046.php 第 51 行.
NOTIC: [8] Undefined variable: id /home/www/shop/admin.shop.com/Runtime/Cache/Admin/fda147d8658050636c6cc78d34bd3046.php 第 63 行.
INFO: Run Behavior\ParseTemplateBehavior [ RunTime:0.009187s ]
INFO: [ view_parse ] --END-- [ RunTime:0.009251s ]
INFO: [ view_filter ] --START--
INFO: Run Behavior\WriteHtmlCacheBehavior [ RunTime:0.000236s ]
INFO: [ view_filter ] --END-- [ RunTime:0.000285s ]
INFO: [ app_end ] --START--
INFO: Run Behavior\ShowPageTraceBehavior [ RunTime:0.000518s ]
INFO: [ app_end ] --END-- [ RunTime:0.000576s ]

[ 2016-01-14T00:18:54+08:00 ] 192.168.1.106 /index.php/Brand/add.html
INFO: [ app_init ] --START--
INFO: Run Behavior\BuildLiteBehavior [ RunTime:0.000018s ]
INFO: [ app_init ] --END-- [ RunTime:0.000405s ]
INFO: [ app_begin ] --START--
INFO: Run Behavior\ReadHtmlCacheBehavior [ RunTime:0.000422s ]
INFO: [ app_begin ] --END-- [ RunTime:0.000471s ]
SQL: SHOW COLUMNS FROM `brand` [ RunTime:0.0006s ]
INFO: [ app_end ] --START--
INFO: Run Behavior\ShowPageTraceBehavior [ RunTime:0.000490s ]
INFO: [ app_end ] --END-- [ RunTime:0.000544s ]

[ 2016-01-14T00:18:56+08:00 ] 192.168.1.106 /index.php/Brand/add.html
INFO: [ app_init ] --START--
INFO: Run Behavior\BuildLiteBehavior [ RunTime:0.000025s ]
INFO: [ app_init ] --END-- [ RunTime:0.001479s ]
INFO: [ app_begin ] --START--
INFO: Run Behavior\ReadHtmlCacheBehavior [ RunTime:0.000493s ]
INFO: [ app_begin ] --END-- [ RunTime:0.000592s ]
SQL: SHOW COLUMNS FROM `brand` [ RunTime:0.0005s ]
INFO: [ app_end ] --START--
INFO: Run Behavior\ShowPageTraceBehavior [ RunTime:0.000502s ]
INFO: [ app_end ] --END-- [ RunTime:0.000557s ]

[ 2016-01-14T00:19:37+08:00 ] 192.168.1.106 /index.php/Brand/add.html
INFO: [ app_init ] --START--
INFO: Run Behavior\BuildLiteBehavior [ RunTime:0.000089s ]
INFO: [ app_init ] --END-- [ RunTime:0.000520s ]
INFO: [ app_begin ] --START--
INFO: Run Behavior\ReadHtmlCacheBehavior [ RunTime:0.000532s ]
INFO: [ app_begin ] --END-- [ RunTime:0.000656s ]
SQL: SHOW COLUMNS FROM `brand` [ RunTime:0.0007s ]
INFO: [ view_parse ] --START--
INFO: [ template_filter ] --START--
INFO: Run Behavior\ContentReplaceBehavior [ RunTime:0.000094s ]
INFO: [ template_filter ] --END-- [ RunTime:0.000163s ]
NOTIC: [8] Undefined variable: name /home/www/shop/admin.shop.com/Runtime/Cache/Admin/fda147d8658050636c6cc78d34bd3046.php 第 27 行.
NOTIC: [8] Undefined variable: url /home/www/shop/admin.shop.com/Runtime/Cache/Admin/fda147d8658050636c6cc78d34bd3046.php 第 33 行.
NOTIC: [8] Undefined variable: sort /home/www/shop/admin.shop.com/Runtime/Cache/Admin/fda147d8658050636c6cc78d34bd3046.php 第 45 行.
NOTIC: [8] Undefined variable: intro /home/www/shop/admin.shop.com/Runtime/Cache/Admin/fda147d8658050636c6cc78d34bd3046.php 第 51 行.
NOTIC: [8] Undefined variable: id /home/www/shop/admin.shop.com/Runtime/Cache/Admin/fda147d8658050636c6cc78d34bd3046.php 第 63 行.
INFO: Run Behavior\ParseTemplateBehavior [ RunTime:0.009285s ]
INFO: [ view_parse ] --END-- [ RunTime:0.009339s ]
INFO: [ view_filter ] --START--
INFO: Run Behavior\WriteHtmlCacheBehavior [ RunTime:0.000133s ]
INFO: [ view_filter ] --END-- [ RunTime:0.000181s ]
INFO: [ app_end ] --START--
INFO: Run Behavior\ShowPageTraceBehavior [ RunTime:0.000472s ]
INFO: [ app_end ] --END-- [ RunTime:0.000523s ]

[ 2016-01-14T00:19:40+08:00 ] 192.168.1.106 /index.php/Brand/index/p/2.html
INFO: [ app_init ] --START--
INFO: Run Behavior\BuildLiteBehavior [ RunTime:0.000017s ]
INFO: [ app_init ] --END-- [ RunTime:0.000362s ]
INFO: [ app_begin ] --START--
INFO: Run Behavior\ReadHtmlCacheBehavior [ RunTime:0.000480s ]
INFO: [ app_begin ] --END-- [ RunTime:0.000615s ]
SQL: SHOW COLUMNS FROM `brand` [ RunTime:0.0005s ]
NOTIC: [8] Undefined variable: wheres /home/www/shop/admin.shop.com/Application/Admin/Controller/BaseController.class.php 第 22 行.
SQL: SELECT COUNT(*) AS tp_count FROM `brand` WHERE `status` > -1 LIMIT 1   [ RunTime:0.0003s ]
SQL: SELECT * FROM `brand` WHERE `status` > -1 LIMIT 5,5   [ RunTime:0.0003s ]
INFO: [ view_parse ] --START--
INFO: [ template_filter ] --START--
INFO: Run Behavior\ContentReplaceBehavior [ RunTime:0.000115s ]
INFO: [ template_filter ] --END-- [ RunTime:0.000192s ]
NOTIC: [8] Undefined index: keyword /home/www/shop/admin.shop.com/Runtime/Cache/Admin/e8b323c5d8440767130c19fdf505bb52.php 第 23 行.
INFO: Run Behavior\ParseTemplateBehavior [ RunTime:0.010453s ]
INFO: [ view_parse ] --END-- [ RunTime:0.010512s ]
INFO: [ view_filter ] --START--
INFO: Run Behavior\WriteHtmlCacheBehavior [ RunTime:0.000189s ]
INFO: [ view_filter ] --END-- [ RunTime:0.000238s ]
INFO: [ app_end ] --START--
INFO: Run Behavior\ShowPageTraceBehavior [ RunTime:0.000495s ]
INFO: [ app_end ] --END-- [ RunTime:0.000547s ]

[ 2016-01-14T00:19:42+08:00 ] 192.168.1.106 /index.php/Brand/changeStatus/id/6/status/0.html
INFO: [ app_init ] --START--
INFO: Run Behavior\BuildLiteBehavior [ RunTime:0.000017s ]
INFO: [ app_init ] --END-- [ RunTime:0.000365s ]
INFO: [ app_begin ] --START--
INFO: Run Behavior\ReadHtmlCacheBehavior [ RunTime:0.000455s ]
INFO: [ app_begin ] --END-- [ RunTime:0.000505s ]
SQL: SHOW COLUMNS FROM `brand` [ RunTime:0.0005s ]
SQL: UPDATE `brand` SET `status`='0' WHERE `id` IN ('6') [ RunTime:0.0002s ]

[ 2016-01-14T00:19:43+08:00 ] 192.168.1.106 /index.php/Brand/index/p/2.html
INFO: [ app_init ] --START--
INFO: Run Behavior\BuildLiteBehavior [ RunTime:0.000018s ]
INFO: [ app_init ] --END-- [ RunTime:0.000346s ]
INFO: [ app_begin ] --START--
INFO: Run Behavior\ReadHtmlCacheBehavior [ RunTime:0.000467s ]
INFO: [ app_begin ] --END-- [ RunTime:0.000527s ]
SQL: SHOW COLUMNS FROM `brand` [ RunTime:0.0006s ]
NOTIC: [8] Undefined variable: wheres /home/www/shop/admin.shop.com/Application/Admin/Controller/BaseController.class.php 第 22 行.
SQL: SELECT COUNT(*) AS tp_count FROM `brand` WHERE `status` > -1 LIMIT 1   [ RunTime:0.0003s ]
SQL: SELECT * FROM `brand` WHERE `status` > -1 LIMIT 5,5   [ RunTime:0.0002s ]
INFO: [ view_parse ] --START--
INFO: [ template_filter ] --START--
INFO: Run Behavior\ContentReplaceBehavior [ RunTime:0.000113s ]
INFO: [ template_filter ] --END-- [ RunTime:0.000215s ]
NOTIC: [8] Undefined index: keyword /home/www/shop/admin.shop.com/Runtime/Cache/Admin/e8b323c5d8440767130c19fdf505bb52.php 第 23 行.
INFO: Run Behavior\ParseTemplateBehavior [ RunTime:0.011150s ]
INFO: [ view_parse ] --END-- [ RunTime:0.011208s ]
INFO: [ view_filter ] --START--
INFO: Run Behavior\WriteHtmlCacheBehavior [ RunTime:0.000182s ]
INFO: [ view_filter ] --END-- [ RunTime:0.000230s ]
INFO: [ app_end ] --START--
INFO: Run Behavior\ShowPageTraceBehavior [ RunTime:0.000470s ]
INFO: [ app_end ] --END-- [ RunTime:0.000520s ]

